Terminal log file
Date: 07/10/2021 - 11:10:59
-----------------------------------------------
1071;1108;1062;1102;1085
1089;1071;1108;1062;1082
566;1089;1071;1108;958
535;566;1089;1071;815
573;535;566;1089;690
490;573;535;566;541
614;490;573;535;553
494;614;490;573;542
539;494;614;490;534
574;539;494;614;555
610;511;574;539;558
511;574;539;494;558
530;610;511;574;556
1092;530;610;511;685
1111;1092;530;610;835
1085;1111;1092;530;954

-----------------------------------------------
Date: 07/10/2021 - 11:11:15
End log file
